<?xml version="1.0" encoding="UTF-8"?>
<!-- Generated by org.testng.reporters.JUnitXMLReporter -->
<testsuite ignored="2" hostname="VG" failures="0" tests="1" name="BankingApp Test" time="10.385" errors="0" timestamp="2024-02-01T11:42:34 IST">
  <testcase classname="com.inetBanking.testCases.TC_001_LoginTest" name="loginTest" time="0.394"/>
  <testcase classname="com.inetBanking.testCases.BaseClass" name="@AfterSuite Aftersuite" time="0.0">
    <ignored/>
  </testcase> <!-- @AfterSuite Aftersuite -->
  <testcase classname="com.inetBanking.testCases.BaseClass" name="@BeforeSuite Beforesuite" time="0.0">
    <ignored/>
  </testcase> <!-- @BeforeSuite Beforesuite -->
</testsuite> <!-- BankingApp Test -->
