<?xml version="1.0" encoding="UTF-8"?>
<testng-results ignored="0" total="1" passed="1" failed="0" skipped="0">
  <reporter-output>
  </reporter-output>
  <suite started-at="2024-01-31T15:20:51 IST" name="Surefire suite" finished-at="2024-01-31T15:21:08 IST" duration-ms="16478">
    <groups>
    </groups>
    <test started-at="2024-01-31T15:20:51 IST" name="Surefire test" finished-at="2024-01-31T15:21:08 IST" duration-ms="16478">
      <class name="com.inetBanking.testCases.TC_001_LoginTest">
        <test-method is-config="true" signature="setup(java.lang.String)[pri:0, instance:com.inetBanking.testCases.TC_001_LoginTest@2177849e]" started-at="2024-01-31T15:20:51 IST" name="setup" finished-at="2024-01-31T15:21:07 IST" duration-ms="15769" status="PASS">
          <params>
            <param index="0">
              <value>
                <![CDATA[chrome]]>
              </value>
            </param>
          </params>
          <reporter-output>
          </reporter-output>
        </test-method> <!-- setup -->
        <test-method signature="loginTest()[pri:0, instance:com.inetBanking.testCases.TC_001_LoginTest@2177849e]" started-at="2024-01-31T15:21:07 IST" name="loginTest" finished-at="2024-01-31T15:21:08 IST" duration-ms="499" status="PASS">
          <reporter-output>
          </reporter-output>
        </test-method> <!-- loginTest -->
        <test-method is-config="true" signature="tearDown()[pri:0, instance:com.inetBanking.testCases.TC_001_LoginTest@2177849e]" started-at="2024-01-31T15:21:08 IST" name="tearDown" finished-at="2024-01-31T15:21:08 IST" duration-ms="169" status="PASS">
          <reporter-output>
          </reporter-output>
        </test-method> <!-- tearDown -->
      </class> <!-- com.inetBanking.testCases.TC_001_LoginTest -->
    </test> <!-- Surefire test -->
  </suite> <!-- Surefire suite -->
</testng-results>
