<?xml version="1.0" encoding="UTF-8"?>
<testng-results ignored="0" total="1" passed="1" failed="0" skipped="0">
  <reporter-output>
  </reporter-output>
  <suite started-at="2024-01-30T22:43:50 IST" name="Surefire suite" finished-at="2024-01-30T22:44:00 IST" duration-ms="9962">
    <groups>
    </groups>
    <test started-at="2024-01-30T22:43:50 IST" name="Surefire test" finished-at="2024-01-30T22:44:00 IST" duration-ms="9962">
      <class name="com.inetBanking.testCases.TC_001_LoginTest">
        <test-method is-config="true" signature="setup()[pri:0, instance:com.inetBanking.testCases.TC_001_LoginTest@6b4a4e18]" started-at="2024-01-30T22:43:50 IST" name="setup" finished-at="2024-01-30T22:43:59 IST" duration-ms="9376" status="PASS">
          <reporter-output>
          </reporter-output>
        </test-method> <!-- setup -->
        <test-method signature="loginTest()[pri:0, instance:com.inetBanking.testCases.TC_001_LoginTest@6b4a4e18]" started-at="2024-01-30T22:43:59 IST" name="loginTest" finished-at="2024-01-30T22:44:00 IST" duration-ms="456" status="PASS">
          <reporter-output>
          </reporter-output>
        </test-method> <!-- loginTest -->
        <test-method is-config="true" signature="tearDown()[pri:0, instance:com.inetBanking.testCases.TC_001_LoginTest@6b4a4e18]" started-at="2024-01-30T22:44:00 IST" name="tearDown" finished-at="2024-01-30T22:44:00 IST" duration-ms="91" status="PASS">
          <reporter-output>
          </reporter-output>
        </test-method> <!-- tearDown -->
      </class> <!-- com.inetBanking.testCases.TC_001_LoginTest -->
    </test> <!-- Surefire test -->
  </suite> <!-- Surefire suite -->
</testng-results>
